SF:lib\features\splash\components\circle_component.dart
DA:4,11
DA:14,1
DA:16,1
DA:17,1
DA:18,1
DA:19,1
DA:20,1
DA:21,1
DA:23,1
LF:9
LH:9
end_of_record
SF:lib\features\splash\splash_screen.dart
DA:12,1
DA:14,1
DA:15,1
DA:22,1
DA:24,1
DA:25,1
DA:26,1
DA:29,1
DA:30,3
DA:31,3
DA:32,2
DA:33,2
DA:36,4
DA:37,4
DA:38,2
DA:39,2
DA:42,2
DA:48,1
DA:50,1
DA:51,1
DA:52,1
DA:54,1
DA:55,1
DA:56,2
DA:57,1
DA:64,1
DA:65,2
DA:66,1
DA:73,1
DA:74,2
DA:75,1
DA:82,1
DA:83,2
DA:84,1
DA:91,1
DA:92,2
DA:93,1
DA:94,1
DA:97,1
LF:39
LH:39
end_of_record
SF:lib\config\themes\main_text_style.dart
DA:7,15
DA:8,6
DA:9,15
DA:10,12
LF:4
LH:4
end_of_record
SF:lib\data\music_model.dart
DA:3,0
DA:4,0
DA:6,0
DA:13,5
DA:19,10
DA:20,5
DA:21,5
DA:22,0
DA:23,25
DA:24,5
DA:27,0
DA:28,0
DA:29,0
DA:30,0
DA:31,0
DA:32,0
DA:45,5
DA:55,10
DA:56,5
DA:57,5
DA:58,5
DA:59,5
DA:60,5
DA:61,5
DA:62,5
DA:65,0
DA:66,0
DA:67,0
DA:68,0
DA:69,0
DA:70,0
DA:71,0
DA:72,0
LF:33
LH:15
end_of_record
SF:lib\data\video_model.dart
DA:3,0
DA:4,0
DA:6,0
DA:13,5
DA:19,10
DA:20,5
DA:21,5
DA:22,0
DA:23,25
DA:24,5
DA:27,0
DA:28,0
DA:29,0
DA:30,0
DA:31,0
DA:32,0
DA:47,6
DA:59,10
DA:60,5
DA:61,5
DA:62,5
DA:63,5
DA:64,5
DA:65,5
DA:66,5
DA:67,5
DA:68,5
DA:71,0
DA:72,0
DA:73,0
DA:74,0
DA:75,0
DA:76,0
DA:77,0
DA:78,0
DA:79,0
DA:80,0
LF:37
LH:17
end_of_record
SF:lib\features\home\components\cover_music_card.dart
DA:11,4
DA:17,4
DA:19,4
DA:20,2
DA:21,2
DA:24,2
DA:27,4
DA:29,4
DA:30,4
DA:33,4
DA:34,12
DA:35,4
DA:36,4
DA:37,8
DA:42,4
DA:43,4
DA:46,12
DA:47,4
DA:48,4
DA:49,4
DA:50,8
DA:51,4
DA:62,4
DA:64,4
DA:69,4
DA:70,4
DA:71,4
DA:72,4
DA:90,4
DA:92,4
DA:93,4
DA:94,8
DA:97,8
DA:105,4
DA:106,8
DA:109,8
LF:36
LH:36
end_of_record
SF:lib\features\home\components\cover_video_card.dart
DA:11,4
DA:18,4
DA:20,4
DA:21,2
DA:24,1
DA:26,4
DA:29,4
DA:30,4
DA:32,16
DA:33,12
DA:34,4
DA:35,8
DA:38,4
DA:39,4
DA:40,8
DA:41,4
DA:51,4
DA:56,4
DA:58,4
DA:59,4
DA:60,8
DA:63,8
DA:71,4
DA:74,4
DA:75,4
DA:76,8
DA:78,8
DA:84,4
DA:85,16
DA:87,8
DA:93,4
DA:94,12
DA:96,8
LF:33
LH:33
end_of_record
SF:lib\features\home\components\title_section.dart
DA:6,9
DA:10,4
DA:12,4
DA:14,4
DA:15,4
DA:16,8
LF:6
LH:6
end_of_record
SF:lib\features\home\home.dart
DA:12,4
DA:14,4
DA:15,4
DA:22,4
DA:24,4
DA:25,4
DA:28,4
DA:29,4
DA:30,4
DA:31,8
DA:32,8
DA:33,8
DA:37,4
DA:39,4
DA:42,4
DA:43,4
DA:44,4
DA:47,4
DA:50,4
DA:52,4
DA:55,8
DA:56,4
DA:57,8
DA:58,4
DA:59,4
DA:60,4
DA:61,16
DA:63,4
DA:66,4
DA:77,4
DA:81,8
DA:82,8
DA:83,8
DA:84,4
DA:85,8
DA:88,4
LF:36
LH:36
end_of_record
SF:lib\shared_components\dot_divider.dart
DA:5,16
DA:9,5
LF:2
LH:2
end_of_record
SF:lib\utils\extension_function.dart
DA:11,6
DA:12,6
DA:14,6
DA:27,6
DA:28,6
DA:29,1
DA:30,6
DA:31,5
DA:32,20
DA:34,6
DA:35,24
DA:49,6
DA:50,12
DA:51,6
DA:52,6
DA:54,12
DA:55,6
DA:56,2
DA:58,4
DA:59,2
LF:20
LH:20
end_of_record
SF:lib\data\repository.dart
DA:10,15
DA:11,15
DA:15,5
DA:17,10
DA:19,5
DA:21,5
DA:22,10
DA:23,15
DA:24,10
DA:27,0
DA:30,0
DA:36,5
DA:38,10
DA:40,5
DA:42,5
DA:43,10
DA:44,15
DA:45,10
DA:48,0
DA:51,0
LF:20
LH:16
end_of_record
SF:lib\shared_components\custom_app_bar.dart
DA:7,11
DA:16,4
DA:18,4
DA:20,4
DA:26,4
DA:27,4
DA:36,4
DA:40,4
DA:41,4
DA:53,4
LF:10
LH:10
end_of_record
SF:lib\features\player\components\controll_button.dart
DA:4,3
DA:19,3
DA:21,3
DA:22,3
DA:24,3
DA:25,3
DA:26,3
DA:27,3
DA:28,3
DA:29,3
DA:31,3
LF:11
LH:11
end_of_record
SF:lib\features\player\music_player.dart
DA:13,2
DA:15,2
DA:16,2
DA:27,2
DA:29,2
DA:30,2
DA:33,2
DA:35,2
DA:36,4
DA:42,2
DA:44,2
DA:45,10
DA:46,2
DA:49,2
DA:50,4
DA:51,8
DA:52,2
DA:53,6
DA:55,0
DA:57,9
DA:58,2
DA:59,2
DA:60,1
DA:65,2
DA:66,6
DA:67,0
DA:68,0
DA:70,0
DA:71,0
DA:72,0
DA:78,1
DA:79,2
DA:80,2
DA:81,1
DA:84,2
DA:85,1
DA:89,1
DA:90,2
DA:91,2
DA:92,1
DA:96,1
DA:97,2
DA:98,1
DA:100,1
DA:104,1
DA:105,2
DA:107,2
DA:110,2
DA:112,2
DA:114,2
DA:115,2
DA:122,1
DA:123,1
DA:128,2
DA:129,2
DA:133,2
DA:140,2
DA:141,4
DA:142,4
DA:147,2
DA:148,4
DA:149,4
DA:154,2
DA:155,4
DA:156,4
DA:161,2
DA:163,2
DA:164,2
DA:165,4
DA:166,4
DA:172,2
DA:173,4
DA:174,4
DA:184,2
DA:185,6
DA:187,6
DA:190,2
DA:192,2
DA:196,2
DA:197,2
DA:198,2
DA:203,2
DA:204,2
DA:206,2
LF:84
LH:78
end_of_record
SF:lib\features\player\components\music_cover_image.dart
DA:6,2
DA:15,2
DA:17,2
DA:20,2
DA:21,2
DA:22,4
DA:23,2
DA:24,2
DA:25,2
DA:30,4
DA:31,1
DA:32,1
DA:33,1
DA:34,1
DA:35,2
DA:36,1
DA:38,1
LF:17
LH:17
end_of_record
SF:lib\features\player\components\time_display.dart
DA:5,4
DA:15,4
DA:17,4
DA:19,4
DA:20,4
DA:21,16
DA:26,4
DA:27,16
LF:8
LH:8
end_of_record
SF:lib\features\player\components\loading_video_placeholder.dart
DA:6,2
DA:15,2
DA:17,2
DA:19,2
DA:20,2
DA:22,8
DA:23,4
DA:24,2
DA:25,2
DA:28,1
DA:29,1
DA:30,1
LF:12
LH:12
end_of_record
SF:lib\features\player\components\video_indicator.dart
DA:7,2
DA:20,2
DA:22,2
DA:24,2
DA:25,2
DA:28,2
DA:30,2
DA:31,2
DA:36,2
DA:38,2
DA:39,2
DA:43,2
DA:44,2
DA:45,2
DA:49,2
DA:50,2
LF:16
LH:16
end_of_record
SF:lib\features\player\components\video_information.dart
DA:10,2
DA:17,2
DA:18,2
DA:24,2
DA:25,2
DA:27,4
DA:31,2
DA:35,12
DA:36,2
DA:39,1
DA:40,2
DA:41,2
DA:45,2
DA:47,2
DA:49,2
DA:50,2
DA:51,6
DA:54,4
DA:59,2
DA:61,2
DA:62,2
DA:63,2
DA:66,2
DA:67,2
DA:68,2
DA:69,6
DA:70,2
DA:82,2
DA:83,6
DA:84,4
DA:92,2
DA:93,2
DA:94,2
DA:95,10
DA:96,4
DA:102,2
DA:103,8
DA:104,4
DA:112,8
DA:113,4
DA:114,2
DA:115,6
DA:117,4
DA:122,2
DA:123,2
DA:124,2
DA:126,4
DA:132,1
DA:133,1
DA:134,3
DA:135,2
DA:141,4
DA:142,1
DA:143,1
DA:144,1
DA:146,2
LF:56
LH:56
end_of_record
SF:lib\features\player\videos_player.dart
DA:13,1
DA:15,1
DA:16,1
DA:28,1
DA:30,1
DA:31,5
DA:32,3
DA:33,4
DA:34,0
DA:35,0
DA:36,4
DA:37,0
DA:38,0
DA:41,2
DA:42,2
DA:44,2
DA:45,0
DA:46,0
DA:51,1
DA:53,1
DA:54,2
DA:57,0
DA:58,0
DA:59,0
DA:63,0
DA:64,0
DA:65,0
DA:69,1
DA:71,1
DA:73,1
DA:74,1
DA:80,0
DA:81,0
DA:86,1
DA:88,1
DA:90,1
DA:91,1
DA:92,1
DA:93,2
DA:95,1
DA:96,1
DA:97,1
DA:98,0
DA:99,0
DA:100,0
DA:101,0
DA:102,0
DA:103,0
DA:104,0
DA:109,1
DA:111,1
DA:112,1
DA:114,4
DA:115,1
DA:117,1
DA:118,2
DA:119,1
DA:120,1
DA:121,1
DA:124,1
DA:125,1
DA:126,1
DA:127,1
DA:133,1
DA:134,1
DA:135,1
DA:136,1
DA:137,3
DA:140,0
DA:141,0
DA:142,0
DA:143,0
DA:144,0
DA:146,0
DA:147,0
DA:152,1
DA:164,1
DA:165,2
DA:166,2
DA:173,1
DA:174,1
DA:181,2
LF:82
LH:54
end_of_record
SF:lib\utils\debouncer.dart
DA:13,1
DA:15,1
DA:16,1
DA:17,2
DA:19,4
LF:5
LH:5
end_of_record
