SF:lib\features\splash\components\circle_component.dart
DA:4,10
DA:14,1
DA:16,1
DA:17,1
DA:18,1
DA:19,1
DA:20,1
DA:21,1
DA:23,1
LF:9
LH:9
end_of_record
SF:lib\features\splash\splash_screen.dart
DA:12,1
DA:14,1
DA:15,1
DA:22,1
DA:24,1
DA:25,1
DA:26,1
DA:29,1
DA:30,3
DA:31,3
DA:32,2
DA:33,2
DA:36,4
DA:37,4
DA:38,2
DA:39,2
DA:42,2
DA:48,1
DA:50,1
DA:51,1
DA:52,1
DA:54,1
DA:55,1
DA:56,2
DA:57,1
DA:64,1
DA:65,2
DA:66,1
DA:73,1
DA:74,2
DA:75,1
DA:82,1
DA:83,2
DA:84,1
DA:91,1
DA:92,2
DA:93,1
DA:94,1
DA:97,1
LF:39
LH:39
end_of_record
SF:lib\config\themes\main_text_style.dart
DA:7,12
DA:8,6
DA:9,12
DA:10,9
LF:4
LH:4
end_of_record
SF:lib\data\music_model.dart
DA:3,0
DA:4,0
DA:6,0
DA:13,4
DA:19,8
DA:20,4
DA:21,4
DA:22,0
DA:23,20
DA:24,4
DA:27,0
DA:28,0
DA:29,0
DA:30,0
DA:31,0
DA:32,0
DA:45,4
DA:55,8
DA:56,4
DA:57,4
DA:58,4
DA:59,4
DA:60,4
DA:61,4
DA:62,4
DA:65,0
DA:66,0
DA:67,0
DA:68,0
DA:69,0
DA:70,0
DA:71,0
DA:72,0
LF:33
LH:15
end_of_record
SF:lib\data\video_model.dart
DA:3,0
DA:4,0
DA:6,0
DA:13,4
DA:19,8
DA:20,4
DA:21,4
DA:22,0
DA:23,20
DA:24,4
DA:27,0
DA:28,0
DA:29,0
DA:30,0
DA:31,0
DA:32,0
DA:47,5
DA:59,8
DA:60,4
DA:61,4
DA:62,4
DA:63,4
DA:64,4
DA:65,4
DA:66,4
DA:67,4
DA:68,4
DA:71,0
DA:72,0
DA:73,0
DA:74,0
DA:75,0
DA:76,0
DA:77,0
DA:78,0
DA:79,0
DA:80,0
LF:37
LH:17
end_of_record
SF:lib\features\home\components\cover_music_card.dart
DA:11,3
DA:17,3
DA:19,3
DA:20,1
DA:21,1
DA:24,1
DA:27,3
DA:29,3
DA:30,3
DA:33,3
DA:34,9
DA:35,3
DA:36,3
DA:37,6
DA:42,3
DA:43,3
DA:46,9
DA:47,3
DA:48,3
DA:49,3
DA:50,6
DA:51,3
DA:62,3
DA:64,3
DA:69,3
DA:70,3
DA:71,3
DA:72,3
DA:90,3
DA:92,3
DA:93,3
DA:94,6
DA:97,6
DA:105,3
DA:106,6
DA:109,6
LF:36
LH:36
end_of_record
SF:lib\features\home\components\cover_video_card.dart
DA:11,3
DA:18,3
DA:20,3
DA:21,2
DA:24,1
DA:26,3
DA:29,3
DA:30,3
DA:32,12
DA:33,9
DA:34,3
DA:35,6
DA:38,3
DA:39,3
DA:40,6
DA:41,3
DA:51,3
DA:56,3
DA:58,3
DA:59,3
DA:60,6
DA:63,6
DA:71,3
DA:74,3
DA:75,3
DA:76,6
DA:78,6
DA:84,3
DA:85,12
DA:87,6
DA:93,3
DA:94,9
DA:96,6
LF:33
LH:33
end_of_record
SF:lib\features\home\components\title_section.dart
DA:6,8
DA:10,3
DA:12,3
DA:14,3
DA:15,3
DA:16,6
LF:6
LH:6
end_of_record
SF:lib\features\home\home.dart
DA:12,3
DA:14,3
DA:15,3
DA:22,3
DA:24,3
DA:25,3
DA:28,3
DA:29,3
DA:30,3
DA:31,6
DA:32,6
DA:33,6
DA:37,3
DA:39,3
DA:42,3
DA:43,3
DA:44,3
DA:47,3
DA:50,3
DA:52,3
DA:55,6
DA:56,3
DA:57,6
DA:58,3
DA:59,3
DA:60,3
DA:61,12
DA:63,3
DA:66,3
DA:77,3
DA:81,6
DA:82,6
DA:83,6
DA:84,3
DA:85,6
DA:88,3
LF:36
LH:36
end_of_record
SF:lib\shared_components\dot_divider.dart
DA:5,14
DA:9,4
LF:2
LH:2
end_of_record
SF:lib\utils\extension_function.dart
DA:11,5
DA:12,5
DA:14,5
DA:27,5
DA:28,5
DA:29,1
DA:30,5
DA:31,4
DA:32,16
DA:34,5
DA:35,20
DA:49,5
DA:50,10
DA:51,5
DA:52,5
DA:54,10
DA:55,5
DA:56,2
DA:58,4
DA:59,2
LF:20
LH:20
end_of_record
SF:lib\data\repository.dart
DA:10,12
DA:11,12
DA:15,4
DA:17,8
DA:19,4
DA:21,4
DA:22,8
DA:23,12
DA:24,8
DA:27,0
DA:30,0
DA:36,4
DA:38,8
DA:40,4
DA:42,4
DA:43,8
DA:44,12
DA:45,8
DA:48,0
DA:51,0
LF:20
LH:16
end_of_record
SF:lib\shared_components\custom_app_bar.dart
DA:7,9
DA:16,3
DA:18,3
DA:20,3
DA:26,3
DA:27,3
DA:36,3
DA:40,3
DA:41,3
DA:53,3
LF:10
LH:10
end_of_record
SF:lib\features\player\components\music_cover_image.dart
DA:6,1
DA:15,1
DA:17,1
DA:20,1
DA:21,1
DA:22,2
DA:23,1
DA:24,1
DA:25,1
DA:30,2
DA:31,1
DA:32,1
DA:33,1
DA:34,1
DA:35,2
DA:36,1
DA:38,1
LF:17
LH:17
end_of_record
SF:lib\features\player\components\time_display.dart
DA:5,3
DA:15,3
DA:17,3
DA:19,3
DA:20,3
DA:21,12
DA:26,3
DA:27,12
LF:8
LH:8
end_of_record
SF:lib\features\player\music_player.dart
DA:12,1
DA:14,1
DA:15,1
DA:25,1
DA:27,1
DA:28,1
DA:31,1
DA:33,1
DA:34,2
DA:40,1
DA:42,1
DA:43,5
DA:44,2
DA:45,4
DA:46,1
DA:47,3
DA:49,0
DA:51,4
DA:52,0
DA:53,0
DA:58,1
DA:59,3
DA:60,0
DA:61,0
DA:64,3
DA:65,0
DA:66,0
DA:68,0
DA:69,0
DA:70,0
DA:76,0
DA:77,0
DA:78,0
DA:79,0
DA:80,0
DA:81,0
DA:83,0
DA:86,0
DA:87,0
DA:91,0
DA:92,0
DA:93,0
DA:94,0
DA:98,0
DA:99,0
DA:100,0
DA:102,0
DA:106,0
DA:107,0
DA:109,0
DA:112,1
DA:114,1
DA:116,1
DA:117,1
DA:123,0
DA:124,0
DA:129,1
DA:130,1
DA:134,1
DA:141,1
DA:142,2
DA:143,2
DA:148,1
DA:149,2
DA:150,2
DA:155,1
DA:156,2
DA:157,2
DA:162,1
DA:164,1
DA:165,1
DA:166,2
DA:167,2
DA:173,1
DA:174,2
DA:175,2
DA:185,1
DA:186,3
DA:188,3
DA:191,0
DA:192,0
DA:193,0
DA:198,1
DA:202,1
DA:203,1
DA:204,1
DA:209,1
DA:212,1
DA:215,1
DA:216,1
DA:219,1
LF:91
LH:56
end_of_record
SF:lib\features\player\components\loading_video_placeholder.dart
DA:6,2
DA:15,2
DA:17,2
DA:19,2
DA:20,2
DA:22,8
DA:23,4
DA:24,2
DA:25,2
DA:28,1
DA:29,1
DA:30,1
LF:12
LH:12
end_of_record
SF:lib\features\player\components\video_indicator.dart
DA:7,2
DA:20,2
DA:22,2
DA:24,2
DA:25,2
DA:28,2
DA:30,2
DA:31,2
DA:36,2
DA:38,2
DA:39,2
DA:43,2
DA:44,2
DA:45,2
DA:49,2
DA:50,2
LF:16
LH:16
end_of_record
SF:lib\features\player\components\video_information.dart
DA:10,2
DA:17,2
DA:18,2
DA:24,2
DA:25,2
DA:27,4
DA:31,2
DA:35,12
DA:36,2
DA:39,1
DA:40,2
DA:41,2
DA:45,2
DA:47,2
DA:49,2
DA:50,2
DA:51,6
DA:54,4
DA:59,2
DA:61,2
DA:62,2
DA:63,2
DA:66,2
DA:67,2
DA:68,2
DA:69,6
DA:70,2
DA:82,2
DA:83,6
DA:84,4
DA:92,2
DA:93,2
DA:94,2
DA:95,10
DA:96,4
DA:102,2
DA:103,8
DA:104,4
DA:112,12
DA:113,2
DA:114,6
DA:116,4
DA:121,2
DA:122,2
DA:123,2
DA:125,4
DA:131,1
DA:132,1
DA:133,3
DA:134,2
DA:140,1
DA:141,1
DA:142,1
DA:144,2
LF:54
LH:54
end_of_record
SF:lib\features\player\videos_player.dart
DA:12,1
DA:14,1
DA:15,1
DA:27,1
DA:29,1
DA:30,5
DA:31,3
DA:32,4
DA:33,0
DA:34,0
DA:35,4
DA:36,0
DA:37,0
DA:40,2
DA:41,2
DA:43,2
DA:44,0
DA:45,0
DA:50,1
DA:52,1
DA:53,2
DA:56,0
DA:57,0
DA:58,0
DA:62,0
DA:63,0
DA:64,0
DA:68,1
DA:70,1
DA:72,1
DA:73,1
DA:79,0
DA:80,0
DA:85,1
DA:87,1
DA:89,1
DA:90,1
DA:91,1
DA:92,2
DA:94,1
DA:95,1
DA:96,1
DA:97,0
DA:98,0
DA:99,0
DA:100,0
DA:101,0
DA:102,0
DA:103,0
DA:108,1
DA:110,1
DA:111,1
DA:113,4
DA:114,1
DA:116,1
DA:117,2
DA:118,1
DA:119,1
DA:120,1
DA:123,1
DA:124,1
DA:125,1
DA:126,1
DA:132,1
DA:133,1
DA:134,1
DA:137,1
DA:138,1
DA:140,1
DA:143,0
DA:144,0
DA:145,0
DA:146,0
DA:147,0
DA:149,0
DA:150,0
DA:155,1
DA:156,3
DA:170,1
DA:171,2
DA:172,2
DA:179,1
DA:180,1
DA:187,2
LF:84
LH:56
end_of_record
SF:lib\utils\debouncer.dart
DA:13,1
DA:15,1
DA:16,1
DA:17,2
DA:19,4
LF:5
LH:5
end_of_record
